I, [2020-06-11T23:00:27.404698 #892]  INFO -- : -------------------Logger START--------------------------
I, [2020-06-11T23:00:27.404967 #892]  INFO -- : Initializing Chrome Browser: 
I, [2020-06-11T23:00:28.799348 #892]  INFO -- : Navigating to url
I, [2020-06-11T23:00:30.159603 #892]  INFO -- : Clicked on Adopt Me button
I, [2020-06-11T23:00:30.622914 #892]  INFO -- : Closing Chrome Browser Instance
I, [2020-06-11T23:00:30.699909 #892]  INFO -- : -------------------Logger END--------------------------
I, [2020-06-11T23:00:30.707426 #892]  INFO -- : -------------------Logger START--------------------------
I, [2020-06-11T23:00:30.707639 #892]  INFO -- : Initializing Chrome Browser: 
I, [2020-06-11T23:00:32.010792 #892]  INFO -- : Navigating to url
I, [2020-06-11T23:00:33.190120 #892]  INFO -- : Clicked on Adopt Me button
I, [2020-06-11T23:00:33.936161 #892]  INFO -- : Clicked on Adopt Me button
I, [2020-06-11T23:00:35.238670 #892]  INFO -- : Closing Chrome Browser Instance
I, [2020-06-11T23:00:35.317543 #892]  INFO -- : -------------------Logger END--------------------------
I, [2020-06-11T23:00:35.319640 #892]  INFO -- : -------------------Logger START--------------------------
I, [2020-06-11T23:00:35.320221 #892]  INFO -- : Initializing Chrome Browser: 
I, [2020-06-11T23:00:36.754022 #892]  INFO -- : Navigating to url
I, [2020-06-11T23:00:38.340106 #892]  INFO -- : Clicked on Adopt Me button
I, [2020-06-11T23:00:39.096850 #892]  INFO -- : Clicked on Adopt Me button
I, [2020-06-11T23:00:40.441620 #892]  INFO -- : Closing Chrome Browser Instance
I, [2020-06-11T23:00:40.530463 #892]  INFO -- : -------------------Logger END--------------------------
I, [2020-06-11T23:00:22.332942 #892]  INFO -- : -------------------Logger START--------------------------
I, [2020-06-11T23:00:22.333314 #892]  INFO -- : Initializing Chrome Browser: 
I, [2020-06-11T23:00:23.747202 #892]  INFO -- : Navigating to url
I, [2020-06-11T23:00:24.906467 #892]  INFO -- : Clicked on Adopt Me button
I, [2020-06-11T23:00:25.706394 #892]  INFO -- : Clicked on Adopt Me button
I, [2020-06-11T23:00:27.086097 #892]  INFO -- : Closing Chrome Browser Instance
I, [2020-06-11T23:00:27.402641 #892]  INFO -- : -------------------Logger END--------------------------
I, [2020-06-11T23:00:40.534127 #892]  INFO -- : -------------------Logger START--------------------------
I, [2020-06-11T23:00:40.534717 #892]  INFO -- : Initializing Chrome Browser: 
I, [2020-06-11T23:00:41.947424 #892]  INFO -- : Navigating to url
I, [2020-06-11T23:00:43.177160 #892]  INFO -- : Clicked on Adopt Me button
I, [2020-06-11T23:00:43.916966 #892]  INFO -- : Clicked on Adopt Me button
I, [2020-06-11T23:00:45.331457 #892]  INFO -- : Closing Chrome Browser Instance
I, [2020-06-11T23:00:45.410306 #892]  INFO -- : -------------------Logger END--------------------------
I, [2020-06-11T23:00:17.003124 #892]  INFO -- : -------------------Logger START--------------------------
I, [2020-06-11T23:00:17.003539 #892]  INFO -- : Initializing Chrome Browser: 
I, [2020-06-11T23:00:19.532428 #892]  INFO -- : Navigating to url
I, [2020-06-11T23:00:20.868284 #892]  INFO -- : Clicked on Adopt Me button
I, [2020-06-11T23:00:22.239201 #892]  INFO -- : Closing Chrome Browser Instance
I, [2020-06-11T23:00:22.329452 #892]  INFO -- : -------------------Logger END--------------------------
