I, [2020-06-21T17:15:59.544802 #8228]  INFO -- : -------------------Logger START--------------------------
I, [2020-06-21T17:15:59.545067 #8228]  INFO -- : Initializing Chrome Browser: 
I, [2020-06-21T17:16:20.521519 #4484]  INFO -- : -------------------Logger START--------------------------
I, [2020-06-21T17:16:20.521781 #4484]  INFO -- : Initializing Chrome Browser: 
I, [2020-06-21T17:16:22.080147 #4484]  INFO -- : Navigating to url
I, [2020-06-21T17:16:58.641325 #9212]  INFO -- : -------------------Logger START--------------------------
I, [2020-06-21T17:16:58.641489 #9212]  INFO -- : Initializing Chrome Browser: 
I, [2020-06-21T17:17:00.219513 #9212]  INFO -- : Navigating to url
I, [2020-06-21T17:17:06.026316 #9212]  INFO -- : Closing Chrome Browser Instance
I, [2020-06-21T17:17:07.030466 #9212]  INFO -- : -------------------Logger END--------------------------
I, [2020-06-21T17:17:23.529202 #10324]  INFO -- : -------------------Logger START--------------------------
I, [2020-06-21T17:17:23.529384 #10324]  INFO -- : Initializing Chrome Browser: 
I, [2020-06-21T17:17:25.133067 #10324]  INFO -- : Navigating to url
I, [2020-06-21T17:17:30.571461 #10324]  INFO -- : Closing Chrome Browser Instance
I, [2020-06-21T17:17:30.659695 #10324]  INFO -- : -------------------Logger END--------------------------
I, [2020-06-21T17:17:38.590186 #14764]  INFO -- : -------------------Logger START--------------------------
I, [2020-06-21T17:17:38.590403 #14764]  INFO -- : Initializing Chrome Browser: 
I, [2020-06-21T17:17:40.162118 #14764]  INFO -- : Navigating to url
I, [2020-06-21T17:17:42.889696 #14764]  INFO -- : Closing Chrome Browser Instance
I, [2020-06-21T17:17:42.996230 #14764]  INFO -- : -------------------Logger END--------------------------
I, [2020-06-21T17:18:11.538965 #16308]  INFO -- : -------------------Logger START--------------------------
I, [2020-06-21T17:18:11.539135 #16308]  INFO -- : Initializing Chrome Browser: 
I, [2020-06-21T17:18:13.122315 #16308]  INFO -- : Navigating to url
I, [2020-06-21T17:18:15.760501 #16308]  INFO -- : Closing Chrome Browser Instance
I, [2020-06-21T17:18:15.857454 #16308]  INFO -- : -------------------Logger END--------------------------
I, [2020-06-21T17:18:36.853977 #10384]  INFO -- : -------------------Logger START--------------------------
I, [2020-06-21T17:18:36.854227 #10384]  INFO -- : Initializing Chrome Browser: 
I, [2020-06-21T17:18:38.414505 #10384]  INFO -- : Navigating to url
I, [2020-06-21T17:18:42.845494 #10384]  INFO -- : Closing Chrome Browser Instance
I, [2020-06-21T17:18:42.943159 #10384]  INFO -- : -------------------Logger END--------------------------
I, [2020-06-21T17:19:01.557920 #12144]  INFO -- : -------------------Logger START--------------------------
I, [2020-06-21T17:19:01.558077 #12144]  INFO -- : Initializing Chrome Browser: 
I, [2020-06-21T17:19:03.019882 #12144]  INFO -- : Navigating to url
I, [2020-06-21T17:19:11.112493 #12144]  INFO -- : Closing Chrome Browser Instance
I, [2020-06-21T17:19:11.455169 #12144]  INFO -- : -------------------Logger END--------------------------
I, [2020-06-21T17:18:54.858690 #12144]  INFO -- : -------------------Logger START--------------------------
I, [2020-06-21T17:18:54.858919 #12144]  INFO -- : Initializing Chrome Browser: 
I, [2020-06-21T17:18:56.443629 #12144]  INFO -- : Navigating to url
I, [2020-06-21T17:19:01.448044 #12144]  INFO -- : Closing Chrome Browser Instance
I, [2020-06-21T17:19:01.556565 #12144]  INFO -- : -------------------Logger END--------------------------
I, [2020-06-21T17:19:11.456141 #12144]  INFO -- : -------------------Logger START--------------------------
I, [2020-06-21T17:19:11.456286 #12144]  INFO -- : Initializing Chrome Browser: 
I, [2020-06-21T17:19:12.897492 #12144]  INFO -- : Navigating to url
I, [2020-06-21T17:19:17.488025 #12144]  INFO -- : Closing Chrome Browser Instance
I, [2020-06-21T17:19:17.842070 #12144]  INFO -- : -------------------Logger END--------------------------
I, [2020-06-21T17:23:05.282844 #11012]  INFO -- : -------------------Logger START--------------------------
I, [2020-06-21T17:23:05.283326 #11012]  INFO -- : Initializing Chrome Browser: 
I, [2020-06-21T17:23:06.869099 #11012]  INFO -- : Navigating to url
I, [2020-06-21T17:23:10.562686 #11012]  INFO -- : Closing Chrome Browser Instance
I, [2020-06-21T17:23:10.665260 #11012]  INFO -- : -------------------Logger END--------------------------
I, [2020-06-21T17:23:34.413840 #9828]  INFO -- : -------------------Logger START--------------------------
I, [2020-06-21T17:23:34.414418 #9828]  INFO -- : Initializing Chrome Browser: 
I, [2020-06-21T17:23:35.992355 #9828]  INFO -- : Navigating to url
I, [2020-06-21T17:23:39.672605 #9828]  INFO -- : Closing Chrome Browser Instance
I, [2020-06-21T17:23:39.781801 #9828]  INFO -- : -------------------Logger END--------------------------
I, [2020-06-21T17:23:39.784339 #9828]  INFO -- : -------------------Logger START--------------------------
I, [2020-06-21T17:23:39.785048 #9828]  INFO -- : Initializing Chrome Browser: 
I, [2020-06-21T17:23:41.276393 #9828]  INFO -- : Navigating to url
I, [2020-06-21T17:23:43.430170 #9828]  INFO -- : Closing Chrome Browser Instance
I, [2020-06-21T17:23:43.554761 #9828]  INFO -- : -------------------Logger END--------------------------
I, [2020-06-21T17:26:23.557804 #15632]  INFO -- : -------------------Logger START--------------------------
I, [2020-06-21T17:26:23.558407 #15632]  INFO -- : Initializing Chrome Browser: 
I, [2020-06-21T17:26:24.995097 #15632]  INFO -- : Navigating to url
I, [2020-06-21T17:26:27.771002 #15632]  INFO -- : Closing Chrome Browser Instance
I, [2020-06-21T17:26:27.858365 #15632]  INFO -- : -------------------Logger END--------------------------
I, [2020-06-21T17:26:27.860398 #15632]  INFO -- : -------------------Logger START--------------------------
I, [2020-06-21T17:26:27.860959 #15632]  INFO -- : Initializing Chrome Browser: 
I, [2020-06-21T17:26:29.287047 #15632]  INFO -- : Navigating to url
I, [2020-06-21T17:26:33.994093 #15632]  INFO -- : Closing Chrome Browser Instance
I, [2020-06-21T17:26:34.147458 #15632]  INFO -- : -------------------Logger END--------------------------
I, [2020-06-21T17:26:11.684345 #15632]  INFO -- : -------------------Logger START--------------------------
I, [2020-06-21T17:26:11.684928 #15632]  INFO -- : Initializing Chrome Browser: 
I, [2020-06-21T17:26:13.286416 #15632]  INFO -- : Navigating to url
I, [2020-06-21T17:26:16.987280 #15632]  INFO -- : Closing Chrome Browser Instance
I, [2020-06-21T17:26:17.104937 #15632]  INFO -- : -------------------Logger END--------------------------
I, [2020-06-21T17:26:17.109104 #15632]  INFO -- : -------------------Logger START--------------------------
I, [2020-06-21T17:26:17.110537 #15632]  INFO -- : Initializing Chrome Browser: 
I, [2020-06-21T17:26:18.588488 #15632]  INFO -- : Navigating to url
I, [2020-06-21T17:26:23.455998 #15632]  INFO -- : Closing Chrome Browser Instance
I, [2020-06-21T17:26:23.555922 #15632]  INFO -- : -------------------Logger END--------------------------
I, [2020-06-21T17:26:34.156891 #15632]  INFO -- : -------------------Logger START--------------------------
I, [2020-06-21T17:26:34.157147 #15632]  INFO -- : Initializing Chrome Browser: 
I, [2020-06-21T17:26:35.612379 #15632]  INFO -- : Navigating to url
I, [2020-06-21T17:26:40.158098 #15632]  INFO -- : Closing Chrome Browser Instance
I, [2020-06-21T17:26:40.253286 #15632]  INFO -- : -------------------Logger END--------------------------
I, [2020-06-21T17:26:40.256625 #15632]  INFO -- : -------------------Logger START--------------------------
I, [2020-06-21T17:26:40.256896 #15632]  INFO -- : Initializing Chrome Browser: 
I, [2020-06-21T17:26:41.775913 #15632]  INFO -- : Navigating to url
I, [2020-06-21T17:26:46.936843 #15632]  INFO -- : Closing Chrome Browser Instance
I, [2020-06-21T17:26:47.045674 #15632]  INFO -- : -------------------Logger END--------------------------
