I, [2020-06-12T01:00:50.939737 #22176]  INFO -- : -------------------Logger START--------------------------
I, [2020-06-12T01:00:50.941290 #22176]  INFO -- : Initializing Chrome Browser: 
I, [2020-06-12T01:00:52.380566 #22176]  INFO -- : Navigating to url
I, [2020-06-12T01:00:53.818063 #22176]  INFO -- : Clicked on Adopt Me button
I, [2020-06-12T01:00:55.113417 #22176]  INFO -- : Clicked on Adopt Me button
I, [2020-06-12T01:00:57.917499 #22176]  INFO -- : Closing Chrome Browser Instance
I, [2020-06-12T01:00:58.007212 #22176]  INFO -- : -------------------Logger END--------------------------
I, [2020-06-12T01:00:33.570664 #22176]  INFO -- : -------------------Logger START--------------------------
I, [2020-06-12T01:00:33.570898 #22176]  INFO -- : Initializing Chrome Browser: 
I, [2020-06-12T01:00:35.003877 #22176]  INFO -- : Navigating to url
I, [2020-06-12T01:00:36.482154 #22176]  INFO -- : Clicked on Adopt Me button
I, [2020-06-12T01:00:37.543291 #22176]  INFO -- : Closing Chrome Browser Instance
I, [2020-06-12T01:00:37.621602 #22176]  INFO -- : -------------------Logger END--------------------------
I, [2020-06-12T01:00:44.428961 #22176]  INFO -- : -------------------Logger START--------------------------
I, [2020-06-12T01:00:44.429176 #22176]  INFO -- : Initializing Chrome Browser: 
I, [2020-06-12T01:00:45.834426 #22176]  INFO -- : Navigating to url
I, [2020-06-12T01:00:47.325880 #22176]  INFO -- : Clicked on Adopt Me button
I, [2020-06-12T01:00:48.545259 #22176]  INFO -- : Clicked on Adopt Me button
I, [2020-06-12T01:00:50.824932 #22176]  INFO -- : Closing Chrome Browser Instance
I, [2020-06-12T01:00:50.936750 #22176]  INFO -- : -------------------Logger END--------------------------
I, [2020-06-12T01:00:27.151494 #22176]  INFO -- : -------------------Logger START--------------------------
I, [2020-06-12T01:00:27.151989 #22176]  INFO -- : Initializing Chrome Browser: 
I, [2020-06-12T01:00:28.549257 #22176]  INFO -- : Navigating to url
I, [2020-06-12T01:00:29.925919 #22176]  INFO -- : Clicked on Adopt Me button
I, [2020-06-12T01:00:31.179800 #22176]  INFO -- : Clicked on Adopt Me button
I, [2020-06-12T01:00:33.470254 #22176]  INFO -- : Closing Chrome Browser Instance
I, [2020-06-12T01:00:33.569639 #22176]  INFO -- : -------------------Logger END--------------------------
I, [2020-06-12T01:00:20.075200 #22176]  INFO -- : -------------------Logger START--------------------------
I, [2020-06-12T01:00:20.075616 #22176]  INFO -- : Initializing Chrome Browser: 
I, [2020-06-12T01:00:22.323890 #22176]  INFO -- : Navigating to url
I, [2020-06-12T01:00:23.846452 #22176]  INFO -- : Clicked on Adopt Me button
I, [2020-06-12T01:00:26.555248 #22176]  INFO -- : Closing Chrome Browser Instance
I, [2020-06-12T01:00:27.149803 #22176]  INFO -- : -------------------Logger END--------------------------
I, [2020-06-12T01:00:37.623661 #22176]  INFO -- : -------------------Logger START--------------------------
I, [2020-06-12T01:00:37.624016 #22176]  INFO -- : Initializing Chrome Browser: 
I, [2020-06-12T01:00:38.873118 #22176]  INFO -- : Navigating to url
I, [2020-06-12T01:00:40.348067 #22176]  INFO -- : Clicked on Adopt Me button
I, [2020-06-12T01:00:41.568758 #22176]  INFO -- : Clicked on Adopt Me button
I, [2020-06-12T01:00:44.335467 #22176]  INFO -- : Closing Chrome Browser Instance
I, [2020-06-12T01:00:44.424905 #22176]  INFO -- : -------------------Logger END--------------------------
I, [2020-06-12T01:33:23.689592 #3492]  INFO -- : -------------------Logger START--------------------------
I, [2020-06-12T01:33:23.689906 #3492]  INFO -- : Initializing Chrome Browser: 
I, [2020-06-12T01:33:25.204330 #3492]  INFO -- : Navigating to url
I, [2020-06-12T01:33:30.569570 #3492]  INFO -- : Closing Chrome Browser Instance
I, [2020-06-12T01:49:40.883092 #9512]  INFO -- : -------------------Logger START--------------------------
I, [2020-06-12T01:49:40.883428 #9512]  INFO -- : Initializing Chrome Browser: 
I, [2020-06-12T01:49:42.279381 #9512]  INFO -- : Navigating to url
I, [2020-06-12T01:49:43.744950 #9512]  INFO -- : Clicked on Adopt Me button
I, [2020-06-12T01:49:44.975033 #9512]  INFO -- : Clicked on Adopt Me button
I, [2020-06-12T01:49:47.216746 #9512]  INFO -- : Closing Chrome Browser Instance
I, [2020-06-12T01:49:47.317706 #9512]  INFO -- : -------------------Logger END--------------------------
I, [2020-06-12T01:49:23.134099 #9512]  INFO -- : -------------------Logger START--------------------------
I, [2020-06-12T01:49:23.134322 #9512]  INFO -- : Initializing Chrome Browser: 
I, [2020-06-12T01:49:24.521539 #9512]  INFO -- : Navigating to url
I, [2020-06-12T01:49:25.932886 #9512]  INFO -- : Clicked on Adopt Me button
I, [2020-06-12T01:49:26.985380 #9512]  INFO -- : Closing Chrome Browser Instance
I, [2020-06-12T01:49:27.074461 #9512]  INFO -- : -------------------Logger END--------------------------
I, [2020-06-12T01:49:34.033852 #9512]  INFO -- : -------------------Logger START--------------------------
I, [2020-06-12T01:49:34.034225 #9512]  INFO -- : Initializing Chrome Browser: 
I, [2020-06-12T01:49:35.414715 #9512]  INFO -- : Navigating to url
I, [2020-06-12T01:49:36.841590 #9512]  INFO -- : Clicked on Adopt Me button
I, [2020-06-12T01:49:38.125761 #9512]  INFO -- : Clicked on Adopt Me button
I, [2020-06-12T01:49:40.790607 #9512]  INFO -- : Closing Chrome Browser Instance
I, [2020-06-12T01:49:40.880945 #9512]  INFO -- : -------------------Logger END--------------------------
I, [2020-06-12T01:49:16.228799 #9512]  INFO -- : -------------------Logger START--------------------------
I, [2020-06-12T01:49:16.229017 #9512]  INFO -- : Initializing Chrome Browser: 
I, [2020-06-12T01:49:17.646118 #9512]  INFO -- : Navigating to url
I, [2020-06-12T01:49:19.066758 #9512]  INFO -- : Clicked on Adopt Me button
I, [2020-06-12T01:49:20.430940 #9512]  INFO -- : Clicked on Adopt Me button
I, [2020-06-12T01:49:23.032122 #9512]  INFO -- : Closing Chrome Browser Instance
I, [2020-06-12T01:49:23.131810 #9512]  INFO -- : -------------------Logger END--------------------------
I, [2020-06-12T01:49:10.608169 #9512]  INFO -- : -------------------Logger START--------------------------
I, [2020-06-12T01:49:10.608854 #9512]  INFO -- : Initializing Chrome Browser: 
I, [2020-06-12T01:49:12.089324 #9512]  INFO -- : Navigating to url
I, [2020-06-12T01:49:13.542947 #9512]  INFO -- : Clicked on Adopt Me button
I, [2020-06-12T01:49:16.115650 #9512]  INFO -- : Closing Chrome Browser Instance
I, [2020-06-12T01:49:16.226410 #9512]  INFO -- : -------------------Logger END--------------------------
I, [2020-06-12T01:49:27.083548 #9512]  INFO -- : -------------------Logger START--------------------------
I, [2020-06-12T01:49:27.084245 #9512]  INFO -- : Initializing Chrome Browser: 
I, [2020-06-12T01:49:28.321339 #9512]  INFO -- : Navigating to url
I, [2020-06-12T01:49:29.692608 #9512]  INFO -- : Clicked on Adopt Me button
I, [2020-06-12T01:49:31.074963 #9512]  INFO -- : Clicked on Adopt Me button
I, [2020-06-12T01:49:33.459398 #9512]  INFO -- : Closing Chrome Browser Instance
I, [2020-06-12T01:49:34.031719 #9512]  INFO -- : -------------------Logger END--------------------------
I, [2020-06-12T02:05:00.687606 #16264]  INFO -- : -------------------Logger START--------------------------
I, [2020-06-12T02:05:00.687822 #16264]  INFO -- : Initializing Chrome Browser: 
I, [2020-06-12T02:05:02.127649 #16264]  INFO -- : Navigating to url
I, [2020-06-12T02:05:03.464192 #16264]  INFO -- : Clicked on Adopt Me button
I, [2020-06-12T02:05:04.796669 #16264]  INFO -- : Clicked on Adopt Me button
I, [2020-06-12T02:05:07.984298 #16264]  INFO -- : Closing Chrome Browser Instance
I, [2020-06-12T02:05:08.099764 #16264]  INFO -- : -------------------Logger END--------------------------
I, [2020-06-12T02:04:41.993750 #16264]  INFO -- : -------------------Logger START--------------------------
I, [2020-06-12T02:04:41.994079 #16264]  INFO -- : Initializing Chrome Browser: 
I, [2020-06-12T02:04:43.470117 #16264]  INFO -- : Navigating to url
I, [2020-06-12T02:04:44.828788 #16264]  INFO -- : Clicked on Adopt Me button
I, [2020-06-12T02:04:46.212719 #16264]  INFO -- : Closing Chrome Browser Instance
I, [2020-06-12T02:04:46.313149 #16264]  INFO -- : -------------------Logger END--------------------------
I, [2020-06-12T02:04:53.606971 #16264]  INFO -- : -------------------Logger START--------------------------
I, [2020-06-12T02:04:53.607180 #16264]  INFO -- : Initializing Chrome Browser: 
I, [2020-06-12T02:04:55.077410 #16264]  INFO -- : Navigating to url
I, [2020-06-12T02:04:56.373252 #16264]  INFO -- : Clicked on Adopt Me button
I, [2020-06-12T02:04:57.724215 #16264]  INFO -- : Clicked on Adopt Me button
I, [2020-06-12T02:05:00.573809 #16264]  INFO -- : Closing Chrome Browser Instance
I, [2020-06-12T02:05:00.685254 #16264]  INFO -- : -------------------Logger END--------------------------
I, [2020-06-12T02:04:34.499281 #16264]  INFO -- : -------------------Logger START--------------------------
I, [2020-06-12T02:04:34.499579 #16264]  INFO -- : Initializing Chrome Browser: 
I, [2020-06-12T02:04:35.905625 #16264]  INFO -- : Navigating to url
I, [2020-06-12T02:04:37.326285 #16264]  INFO -- : Clicked on Adopt Me button
I, [2020-06-12T02:04:38.784993 #16264]  INFO -- : Clicked on Adopt Me button
I, [2020-06-12T02:04:41.895346 #16264]  INFO -- : Closing Chrome Browser Instance
I, [2020-06-12T02:04:41.988434 #16264]  INFO -- : -------------------Logger END--------------------------
I, [2020-06-12T02:04:27.375943 #16264]  INFO -- : -------------------Logger START--------------------------
I, [2020-06-12T02:04:27.376448 #16264]  INFO -- : Initializing Chrome Browser: 
I, [2020-06-12T02:04:29.842415 #16264]  INFO -- : Navigating to url
I, [2020-06-12T02:04:31.467238 #16264]  INFO -- : Clicked on Adopt Me button
I, [2020-06-12T02:04:34.371541 #16264]  INFO -- : Closing Chrome Browser Instance
I, [2020-06-12T02:04:34.495352 #16264]  INFO -- : -------------------Logger END--------------------------
I, [2020-06-12T02:04:46.321198 #16264]  INFO -- : -------------------Logger START--------------------------
I, [2020-06-12T02:04:46.321400 #16264]  INFO -- : Initializing Chrome Browser: 
I, [2020-06-12T02:04:47.670399 #16264]  INFO -- : Navigating to url
I, [2020-06-12T02:04:49.139097 #16264]  INFO -- : Clicked on Adopt Me button
I, [2020-06-12T02:04:50.577670 #16264]  INFO -- : Clicked on Adopt Me button
I, [2020-06-12T02:04:53.494475 #16264]  INFO -- : Closing Chrome Browser Instance
I, [2020-06-12T02:04:53.604123 #16264]  INFO -- : -------------------Logger END--------------------------
I, [2020-06-12T02:15:28.065238 #7724]  INFO -- : -------------------Logger START--------------------------
I, [2020-06-12T02:15:28.065518 #7724]  INFO -- : Initializing Chrome Browser: 
I, [2020-06-12T02:15:29.553351 #7724]  INFO -- : Navigating to url
I, [2020-06-12T02:15:30.698784 #7724]  INFO -- : Clicked on Adopt Me button
I, [2020-06-12T02:15:31.291122 #7724]  INFO -- : Closing Chrome Browser Instance
I, [2020-06-12T02:15:31.390294 #7724]  INFO -- : -------------------Logger END--------------------------
I, [2020-06-12T02:15:31.398928 #7724]  INFO -- : -------------------Logger START--------------------------
I, [2020-06-12T02:15:31.399133 #7724]  INFO -- : Initializing Chrome Browser: 
I, [2020-06-12T02:15:32.725643 #7724]  INFO -- : Navigating to url
I, [2020-06-12T02:15:33.779315 #7724]  INFO -- : Clicked on Adopt Me button
I, [2020-06-12T02:15:34.458698 #7724]  INFO -- : Clicked on Adopt Me button
I, [2020-06-12T02:15:35.874885 #7724]  INFO -- : Closing Chrome Browser Instance
I, [2020-06-12T02:15:35.967652 #7724]  INFO -- : -------------------Logger END--------------------------
I, [2020-06-12T02:15:35.970817 #7724]  INFO -- : -------------------Logger START--------------------------
I, [2020-06-12T02:15:35.971376 #7724]  INFO -- : Initializing Chrome Browser: 
I, [2020-06-12T02:15:37.422483 #7724]  INFO -- : Navigating to url
I, [2020-06-12T02:15:38.610261 #7724]  INFO -- : Clicked on Adopt Me button
I, [2020-06-12T02:15:39.439241 #7724]  INFO -- : Clicked on Adopt Me button
I, [2020-06-12T02:15:40.811086 #7724]  INFO -- : Closing Chrome Browser Instance
I, [2020-06-12T02:15:40.890271 #7724]  INFO -- : -------------------Logger END--------------------------
I, [2020-06-12T02:15:18.017083 #7724]  INFO -- : -------------------Logger START--------------------------
I, [2020-06-12T02:15:18.017289 #7724]  INFO -- : Initializing Chrome Browser: 
I, [2020-06-12T02:15:19.348117 #7724]  INFO -- : Navigating to url
I, [2020-06-12T02:15:25.793012 #7724]  INFO -- : Clicked on Adopt Me button
I, [2020-06-12T02:15:26.572506 #7724]  INFO -- : Clicked on Adopt Me button
I, [2020-06-12T02:15:27.953969 #7724]  INFO -- : Closing Chrome Browser Instance
I, [2020-06-12T02:15:28.057049 #7724]  INFO -- : -------------------Logger END--------------------------
I, [2020-06-12T02:15:40.892204 #7724]  INFO -- : -------------------Logger START--------------------------
I, [2020-06-12T02:15:40.892526 #7724]  INFO -- : Initializing Chrome Browser: 
I, [2020-06-12T02:15:42.162912 #7724]  INFO -- : Navigating to url
I, [2020-06-12T02:15:43.366720 #7724]  INFO -- : Clicked on Adopt Me button
I, [2020-06-12T02:15:44.129555 #7724]  INFO -- : Clicked on Adopt Me button
I, [2020-06-12T02:15:45.348699 #7724]  INFO -- : Closing Chrome Browser Instance
I, [2020-06-12T02:15:45.843878 #7724]  INFO -- : -------------------Logger END--------------------------
I, [2020-06-12T02:15:13.040823 #7724]  INFO -- : -------------------Logger START--------------------------
I, [2020-06-12T02:15:13.041458 #7724]  INFO -- : Initializing Chrome Browser: 
I, [2020-06-12T02:15:15.304062 #7724]  INFO -- : Navigating to url
I, [2020-06-12T02:15:16.448481 #7724]  INFO -- : Clicked on Adopt Me button
I, [2020-06-12T02:15:17.812439 #7724]  INFO -- : Closing Chrome Browser Instance
I, [2020-06-12T02:15:18.014120 #7724]  INFO -- : -------------------Logger END--------------------------
I, [2020-06-12T02:28:53.762203 #13756]  INFO -- : -------------------Logger START--------------------------
I, [2020-06-12T02:28:53.762419 #13756]  INFO -- : Initializing Chrome Browser: 
I, [2020-06-12T02:28:55.183981 #13756]  INFO -- : Navigating to url
I, [2020-06-12T02:28:56.575851 #13756]  INFO -- : Clicked on Adopt Me button
I, [2020-06-12T02:28:57.016154 #13756]  INFO -- : Closing Chrome Browser Instance
I, [2020-06-12T02:28:57.110638 #13756]  INFO -- : -------------------Logger END--------------------------
I, [2020-06-12T02:28:57.118968 #13756]  INFO -- : -------------------Logger START--------------------------
I, [2020-06-12T02:28:57.119183 #13756]  INFO -- : Initializing Chrome Browser: 
I, [2020-06-12T02:28:58.390675 #13756]  INFO -- : Navigating to url
I, [2020-06-12T02:28:59.758974 #13756]  INFO -- : Clicked on Adopt Me button
I, [2020-06-12T02:29:00.579719 #13756]  INFO -- : Clicked on Adopt Me button
I, [2020-06-12T02:29:01.931382 #13756]  INFO -- : Closing Chrome Browser Instance
I, [2020-06-12T02:29:02.024986 #13756]  INFO -- : -------------------Logger END--------------------------
I, [2020-06-12T02:29:02.027972 #13756]  INFO -- : -------------------Logger START--------------------------
I, [2020-06-12T02:29:02.028328 #13756]  INFO -- : Initializing Chrome Browser: 
I, [2020-06-12T02:29:03.491343 #13756]  INFO -- : Navigating to url
I, [2020-06-12T02:29:05.483778 #13756]  INFO -- : Clicked on Adopt Me button
I, [2020-06-12T02:29:06.344898 #13756]  INFO -- : Clicked on Adopt Me button
I, [2020-06-12T02:29:07.938979 #13756]  INFO -- : Closing Chrome Browser Instance
I, [2020-06-12T02:29:08.049889 #13756]  INFO -- : -------------------Logger END--------------------------
I, [2020-06-12T02:28:48.734780 #13756]  INFO -- : -------------------Logger START--------------------------
I, [2020-06-12T02:28:48.735037 #13756]  INFO -- : Initializing Chrome Browser: 
I, [2020-06-12T02:28:50.058605 #13756]  INFO -- : Navigating to url
I, [2020-06-12T02:28:51.341792 #13756]  INFO -- : Clicked on Adopt Me button
I, [2020-06-12T02:28:52.124792 #13756]  INFO -- : Clicked on Adopt Me button
I, [2020-06-12T02:28:53.665985 #13756]  INFO -- : Closing Chrome Browser Instance
I, [2020-06-12T02:28:53.758571 #13756]  INFO -- : -------------------Logger END--------------------------
I, [2020-06-12T02:29:08.059303 #13756]  INFO -- : -------------------Logger START--------------------------
I, [2020-06-12T02:29:08.060871 #13756]  INFO -- : Initializing Chrome Browser: 
I, [2020-06-12T02:29:09.578919 #13756]  INFO -- : Navigating to url
I, [2020-06-12T02:29:10.997583 #13756]  INFO -- : Clicked on Adopt Me button
I, [2020-06-12T02:29:11.723049 #13756]  INFO -- : Clicked on Adopt Me button
I, [2020-06-12T02:29:13.018169 #13756]  INFO -- : Closing Chrome Browser Instance
I, [2020-06-12T02:29:13.118211 #13756]  INFO -- : -------------------Logger END--------------------------
I, [2020-06-12T02:28:44.384324 #13756]  INFO -- : -------------------Logger START--------------------------
I, [2020-06-12T02:28:44.384901 #13756]  INFO -- : Initializing Chrome Browser: 
I, [2020-06-12T02:28:45.942313 #13756]  INFO -- : Navigating to url
I, [2020-06-12T02:28:47.209291 #13756]  INFO -- : Clicked on Adopt Me button
I, [2020-06-12T02:28:48.619441 #13756]  INFO -- : Closing Chrome Browser Instance
I, [2020-06-12T02:28:48.731699 #13756]  INFO -- : -------------------Logger END--------------------------
