I, [2021-04-02T11:56:58.826729 #10464]  INFO -- : -------------------Logger START--------------------------
I, [2021-04-02T11:56:58.826924 #10464]  INFO -- : Initializing Chrome Browser: 
I, [2021-04-02T11:57:00.875684 #10464]  INFO -- : Navigating to url
I, [2021-04-02T11:57:04.928915 #10464]  INFO -- : Closing Chrome Browser Instance
I, [2021-04-02T11:57:05.036762 #10464]  INFO -- : -------------------Logger END--------------------------
I, [2021-04-02T12:07:05.698922 #13580]  INFO -- : -------------------Logger START--------------------------
I, [2021-04-02T12:07:05.699168 #13580]  INFO -- : Initializing Chrome Browser: 
I, [2021-04-02T12:07:07.296912 #13580]  INFO -- : Navigating to url
I, [2021-04-02T12:07:11.043054 #13580]  INFO -- : Closing Chrome Browser Instance
I, [2021-04-02T12:07:11.155121 #13580]  INFO -- : -------------------Logger END--------------------------
I, [2021-04-02T12:07:40.904376 #5764]  INFO -- : -------------------Logger START--------------------------
I, [2021-04-02T12:07:40.904651 #5764]  INFO -- : Initializing Chrome Browser: 
I, [2021-04-02T12:07:40.905039 #5764]  INFO -- : Navigating to url
I, [2021-04-02T12:07:40.919007 #5764]  INFO -- : Closing Chrome Browser Instance
I, [2021-04-02T12:07:40.919185 #5764]  INFO -- : -------------------Logger END--------------------------
I, [2021-04-02T12:07:57.487718 #3932]  INFO -- : -------------------Logger START--------------------------
I, [2021-04-02T12:07:57.487944 #3932]  INFO -- : Initializing Chrome Browser: 
I, [2021-04-02T12:07:57.488248 #3932]  INFO -- : Navigating to url
I, [2021-04-02T12:07:57.508982 #3932]  INFO -- : Closing Chrome Browser Instance
I, [2021-04-02T12:08:09.921807 #4088]  INFO -- : -------------------Logger START--------------------------
I, [2021-04-02T12:08:09.922087 #4088]  INFO -- : Initializing Chrome Browser: 
I, [2021-04-02T12:08:09.922475 #4088]  INFO -- : Navigating to url
I, [2021-04-02T12:08:09.930640 #4088]  INFO -- : Closing Chrome Browser Instance
I, [2021-04-02T12:08:09.930814 #4088]  INFO -- : -------------------Logger END--------------------------
I, [2021-04-02T12:08:23.750605 #3744]  INFO -- : -------------------Logger START--------------------------
I, [2021-04-02T12:08:23.750816 #3744]  INFO -- : Initializing Chrome Browser: 
I, [2021-04-02T12:08:25.293833 #3744]  INFO -- : Navigating to url
I, [2021-04-02T12:08:28.809984 #3744]  INFO -- : Closing Chrome Browser Instance
I, [2021-04-02T12:08:28.936378 #3744]  INFO -- : -------------------Logger END--------------------------
I, [2021-04-02T12:09:49.606703 #7136]  INFO -- : -------------------Logger START--------------------------
I, [2021-04-02T12:09:49.606909 #7136]  INFO -- : Initializing Chrome Browser: 
I, [2021-04-02T12:09:51.119993 #7136]  INFO -- : Navigating to url
I, [2021-04-02T12:09:55.099607 #7136]  INFO -- : Closing Chrome Browser Instance
I, [2021-04-02T12:09:55.209014 #7136]  INFO -- : -------------------Logger END--------------------------
I, [2021-04-02T12:19:48.622928 #10268]  INFO -- : -------------------Logger START--------------------------
I, [2021-04-02T12:19:48.623097 #10268]  INFO -- : Initializing Chrome Browser: 
I, [2021-04-02T12:19:50.196427 #10268]  INFO -- : Navigating to url
I, [2021-04-02T12:19:53.803875 #10268]  INFO -- : Closing Chrome Browser Instance
I, [2021-04-02T12:19:54.759267 #10268]  INFO -- : -------------------Logger END--------------------------
I, [2021-04-02T12:21:13.768501 #16220]  INFO -- : -------------------Logger START--------------------------
I, [2021-04-02T12:21:13.768667 #16220]  INFO -- : Initializing Chrome Browser: 
I, [2021-04-02T12:21:15.358416 #16220]  INFO -- : Navigating to url
I, [2021-04-02T12:21:18.952403 #16220]  INFO -- : Closing Chrome Browser Instance
I, [2021-04-02T12:21:20.592219 #16220]  INFO -- : -------------------Logger END--------------------------
I, [2021-04-02T12:24:50.852988 #9712]  INFO -- : -------------------Logger START--------------------------
I, [2021-04-02T12:24:50.853542 #9712]  INFO -- : Initializing Chrome Browser: 
I, [2021-04-02T12:24:52.449231 #9712]  INFO -- : Navigating to url
I, [2021-04-02T12:24:55.916524 #9712]  INFO -- : Closing Chrome Browser Instance
I, [2021-04-02T12:24:56.009151 #9712]  INFO -- : -------------------Logger END--------------------------
I, [2021-04-02T12:42:02.224734 #12764]  INFO -- : -------------------Logger START--------------------------
I, [2021-04-02T12:42:02.225294 #12764]  INFO -- : Initializing Chrome Browser: 
I, [2021-04-02T12:42:03.867284 #12764]  INFO -- : Navigating to url
I, [2021-04-02T12:42:08.291015 #12764]  INFO -- : Closing Chrome Browser Instance
I, [2021-04-02T12:42:08.415388 #12764]  INFO -- : -------------------Logger END--------------------------
I, [2021-04-02T12:42:08.417778 #12764]  INFO -- : -------------------Logger START--------------------------
I, [2021-04-02T12:42:08.418390 #12764]  INFO -- : Initializing Chrome Browser: 
I, [2021-04-02T12:42:09.896630 #12764]  INFO -- : Navigating to url
I, [2021-04-02T12:42:18.181581 #12764]  INFO -- : Closing Chrome Browser Instance
I, [2021-04-02T12:42:18.305776 #12764]  INFO -- : -------------------Logger END--------------------------
I, [2021-04-02T12:44:51.980125 #14456]  INFO -- : -------------------Logger START--------------------------
I, [2021-04-02T12:44:51.980338 #14456]  INFO -- : Initializing Chrome Browser: 
I, [2021-04-02T12:44:53.518043 #14456]  INFO -- : Navigating to url
I, [2021-04-02T12:45:02.150716 #14456]  INFO -- : Closing Chrome Browser Instance
I, [2021-04-02T12:45:02.285011 #14456]  INFO -- : -------------------Logger END--------------------------
I, [2021-04-02T12:45:27.276199 #14116]  INFO -- : -------------------Logger START--------------------------
I, [2021-04-02T12:45:27.276372 #14116]  INFO -- : Initializing Chrome Browser: 
I, [2021-04-02T12:45:28.883007 #14116]  INFO -- : Navigating to url
I, [2021-04-02T12:45:32.214094 #14116]  INFO -- : Closing Chrome Browser Instance
I, [2021-04-02T12:45:32.315415 #14116]  INFO -- : -------------------Logger END--------------------------
I, [2021-04-02T12:45:55.355944 #2184]  INFO -- : -------------------Logger START--------------------------
I, [2021-04-02T12:45:55.356222 #2184]  INFO -- : Initializing Chrome Browser: 
I, [2021-04-02T12:45:56.899586 #2184]  INFO -- : Navigating to url
I, [2021-04-02T12:46:00.047478 #2184]  INFO -- : Closing Chrome Browser Instance
I, [2021-04-02T12:46:00.150398 #2184]  INFO -- : -------------------Logger END--------------------------
I, [2021-04-02T20:51:56.319609 #6900]  INFO -- : -------------------Logger START--------------------------
I, [2021-04-02T20:51:56.319831 #6900]  INFO -- : Initializing Chrome Browser: 
I, [2021-04-02T20:51:58.268894 #6900]  INFO -- : Navigating to url
I, [2021-04-02T20:52:01.973441 #6900]  INFO -- : Closing Chrome Browser Instance
I, [2021-04-02T20:52:02.115880 #6900]  INFO -- : -------------------Logger END--------------------------
I, [2021-04-02T21:09:57.177775 #3856]  INFO -- : -------------------Logger START--------------------------
I, [2021-04-02T21:09:57.177979 #3856]  INFO -- : Initializing Chrome Browser: 
I, [2021-04-02T21:09:58.794777 #3856]  INFO -- : Navigating to url
I, [2021-04-02T21:10:01.655807 #3856]  INFO -- : Closing Chrome Browser Instance
I, [2021-04-02T21:10:01.798737 #3856]  INFO -- : -------------------Logger END--------------------------
I, [2021-04-02T21:10:18.439907 #14236]  INFO -- : -------------------Logger START--------------------------
I, [2021-04-02T21:10:18.440111 #14236]  INFO -- : Initializing Chrome Browser: 
I, [2021-04-02T21:10:20.020051 #14236]  INFO -- : Navigating to url
I, [2021-04-02T21:10:28.494586 #14236]  INFO -- : Closing Chrome Browser Instance
I, [2021-04-02T21:10:28.622228 #14236]  INFO -- : -------------------Logger END--------------------------
I, [2021-04-02T21:27:28.318590 #13600]  INFO -- : -------------------Logger START--------------------------
I, [2021-04-02T21:27:28.318793 #13600]  INFO -- : Initializing Chrome Browser: 
I, [2021-04-02T21:27:29.915220 #13600]  INFO -- : Navigating to url
I, [2021-04-02T21:27:33.367364 #13600]  INFO -- : Closing Chrome Browser Instance
I, [2021-04-02T21:27:33.491347 #13600]  INFO -- : -------------------Logger END--------------------------
I, [2021-04-02T21:29:07.131705 #13352]  INFO -- : -------------------Logger START--------------------------
I, [2021-04-02T21:29:07.131874 #13352]  INFO -- : Initializing Chrome Browser: 
I, [2021-04-02T21:29:08.686080 #13352]  INFO -- : Navigating to url
I, [2021-04-02T21:29:11.750002 #13352]  INFO -- : Closing Chrome Browser Instance
I, [2021-04-02T21:29:11.898117 #13352]  INFO -- : -------------------Logger END--------------------------
I, [2021-04-02T21:29:40.167139 #5976]  INFO -- : -------------------Logger START--------------------------
I, [2021-04-02T21:29:40.167312 #5976]  INFO -- : Initializing Chrome Browser: 
I, [2021-04-02T21:29:41.769703 #5976]  INFO -- : Navigating to url
I, [2021-04-02T21:29:44.707368 #5976]  INFO -- : Closing Chrome Browser Instance
I, [2021-04-02T21:29:44.825972 #5976]  INFO -- : -------------------Logger END--------------------------
I, [2021-04-02T21:30:53.687264 #11664]  INFO -- : -------------------Logger START--------------------------
I, [2021-04-02T21:30:53.687509 #11664]  INFO -- : Initializing Chrome Browser: 
I, [2021-04-02T21:30:55.252010 #11664]  INFO -- : Navigating to url
I, [2021-04-02T21:30:58.111529 #11664]  INFO -- : Closing Chrome Browser Instance
I, [2021-04-02T21:30:58.229507 #11664]  INFO -- : -------------------Logger END--------------------------
I, [2021-04-02T21:32:39.846264 #13344]  INFO -- : -------------------Logger START--------------------------
I, [2021-04-02T21:32:39.846471 #13344]  INFO -- : Initializing Chrome Browser: 
I, [2021-04-02T21:32:41.446164 #13344]  INFO -- : Navigating to url
I, [2021-04-02T21:32:50.616353 #13344]  INFO -- : Closing Chrome Browser Instance
I, [2021-04-02T21:32:50.714118 #13344]  INFO -- : -------------------Logger END--------------------------
I, [2021-04-02T21:33:23.109463 #15492]  INFO -- : -------------------Logger START--------------------------
I, [2021-04-02T21:33:23.109742 #15492]  INFO -- : Initializing Chrome Browser: 
I, [2021-04-02T21:33:24.635666 #15492]  INFO -- : Navigating to url
I, [2021-04-02T21:33:27.728583 #15492]  INFO -- : Closing Chrome Browser Instance
I, [2021-04-02T21:33:27.833180 #15492]  INFO -- : -------------------Logger END--------------------------
I, [2021-04-02T21:35:20.086010 #2572]  INFO -- : -------------------Logger START--------------------------
I, [2021-04-02T21:35:20.086244 #2572]  INFO -- : Initializing Chrome Browser: 
I, [2021-04-02T21:35:21.652260 #2572]  INFO -- : Navigating to url
I, [2021-04-02T21:35:24.761774 #2572]  INFO -- : Closing Chrome Browser Instance
I, [2021-04-02T21:35:24.880212 #2572]  INFO -- : -------------------Logger END--------------------------
I, [2021-04-02T21:36:13.083387 #8844]  INFO -- : -------------------Logger START--------------------------
I, [2021-04-02T21:36:13.083671 #8844]  INFO -- : Initializing Chrome Browser: 
I, [2021-04-02T21:36:14.602984 #8844]  INFO -- : Navigating to url
I, [2021-04-02T21:36:49.270605 #8844]  INFO -- : Closing Chrome Browser Instance
I, [2021-04-02T21:36:49.396094 #8844]  INFO -- : -------------------Logger END--------------------------
I, [2021-04-02T21:38:50.121255 #14672]  INFO -- : -------------------Logger START--------------------------
I, [2021-04-02T21:38:50.121429 #14672]  INFO -- : Initializing Chrome Browser: 
I, [2021-04-02T21:38:51.677774 #14672]  INFO -- : Navigating to url
I, [2021-04-02T21:39:25.962401 #14672]  INFO -- : Closing Chrome Browser Instance
I, [2021-04-02T21:39:26.067849 #14672]  INFO -- : -------------------Logger END--------------------------
I, [2021-04-02T21:40:05.955869 #2616]  INFO -- : -------------------Logger START--------------------------
I, [2021-04-02T21:40:05.956069 #2616]  INFO -- : Initializing Chrome Browser: 
I, [2021-04-02T21:40:07.501049 #2616]  INFO -- : Navigating to url
I, [2021-04-02T21:40:12.060880 #2616]  INFO -- : Closing Chrome Browser Instance
I, [2021-04-02T21:40:12.203480 #2616]  INFO -- : -------------------Logger END--------------------------
I, [2021-04-02T21:40:35.641232 #15240]  INFO -- : -------------------Logger START--------------------------
I, [2021-04-02T21:40:35.641442 #15240]  INFO -- : Initializing Chrome Browser: 
I, [2021-04-02T21:40:37.187310 #15240]  INFO -- : Navigating to url
I, [2021-04-02T21:40:41.169077 #15240]  INFO -- : Closing Chrome Browser Instance
I, [2021-04-02T21:40:41.279513 #15240]  INFO -- : -------------------Logger END--------------------------
I, [2021-04-02T21:41:18.766011 #7988]  INFO -- : -------------------Logger START--------------------------
I, [2021-04-02T21:41:18.766207 #7988]  INFO -- : Initializing Chrome Browser: 
I, [2021-04-02T21:41:20.373018 #7988]  INFO -- : Navigating to url
I, [2021-04-02T21:41:31.602250 #7988]  INFO -- : Closing Chrome Browser Instance
I, [2021-04-02T21:41:31.741632 #7988]  INFO -- : -------------------Logger END--------------------------
I, [2021-04-02T21:43:00.279624 #15552]  INFO -- : -------------------Logger START--------------------------
I, [2021-04-02T21:43:00.279774 #15552]  INFO -- : Initializing Chrome Browser: 
I, [2021-04-02T21:43:01.819991 #15552]  INFO -- : Navigating to url
I, [2021-04-02T21:43:05.764798 #15552]  INFO -- : Closing Chrome Browser Instance
I, [2021-04-02T21:43:05.876370 #15552]  INFO -- : -------------------Logger END--------------------------
I, [2021-04-02T21:43:21.757044 #11992]  INFO -- : -------------------Logger START--------------------------
I, [2021-04-02T21:43:21.757290 #11992]  INFO -- : Initializing Chrome Browser: 
I, [2021-04-02T21:43:23.264494 #11992]  INFO -- : Navigating to url
I, [2021-04-02T21:43:26.161982 #11992]  INFO -- : Closing Chrome Browser Instance
I, [2021-04-02T21:43:26.271981 #11992]  INFO -- : -------------------Logger END--------------------------
I, [2021-04-02T21:44:02.379603 #11284]  INFO -- : -------------------Logger START--------------------------
I, [2021-04-02T21:44:02.379848 #11284]  INFO -- : Initializing Chrome Browser: 
I, [2021-04-02T21:44:03.958231 #11284]  INFO -- : Navigating to url
I, [2021-04-02T21:44:07.526853 #11284]  INFO -- : Closing Chrome Browser Instance
I, [2021-04-02T21:44:07.635917 #11284]  INFO -- : -------------------Logger END--------------------------
I, [2021-04-02T21:44:45.057358 #11588]  INFO -- : -------------------Logger START--------------------------
I, [2021-04-02T21:44:45.057587 #11588]  INFO -- : Initializing Chrome Browser: 
I, [2021-04-02T21:44:46.585745 #11588]  INFO -- : Navigating to url
I, [2021-04-02T21:45:19.864309 #11588]  INFO -- : Closing Chrome Browser Instance
I, [2021-04-02T21:45:19.970344 #11588]  INFO -- : -------------------Logger END--------------------------
I, [2021-04-02T21:46:55.159862 #10572]  INFO -- : -------------------Logger START--------------------------
I, [2021-04-02T21:46:55.160046 #10572]  INFO -- : Initializing Chrome Browser: 
I, [2021-04-02T21:46:56.752584 #10572]  INFO -- : Navigating to url
I, [2021-04-02T21:46:59.924057 #10572]  INFO -- : Closing Chrome Browser Instance
I, [2021-04-02T21:47:00.876720 #10572]  INFO -- : -------------------Logger END--------------------------
I, [2021-04-02T21:47:55.633109 #3048]  INFO -- : -------------------Logger START--------------------------
I, [2021-04-02T21:47:55.633313 #3048]  INFO -- : Initializing Chrome Browser: 
I, [2021-04-02T21:47:57.189844 #3048]  INFO -- : Navigating to url
I, [2021-04-02T21:48:31.309262 #3048]  INFO -- : Closing Chrome Browser Instance
I, [2021-04-02T21:48:31.455775 #3048]  INFO -- : -------------------Logger END--------------------------
I, [2021-04-02T21:50:27.005849 #5976]  INFO -- : -------------------Logger START--------------------------
I, [2021-04-02T21:50:27.006055 #5976]  INFO -- : Initializing Chrome Browser: 
I, [2021-04-02T21:50:28.585413 #5976]  INFO -- : Navigating to url
I, [2021-04-02T21:51:03.657830 #5976]  INFO -- : Closing Chrome Browser Instance
I, [2021-04-02T21:51:03.782818 #5976]  INFO -- : -------------------Logger END--------------------------
I, [2021-04-02T21:52:46.726251 #11828]  INFO -- : -------------------Logger START--------------------------
I, [2021-04-02T21:52:46.726464 #11828]  INFO -- : Initializing Chrome Browser: 
I, [2021-04-02T21:52:48.319340 #11828]  INFO -- : Navigating to url
I, [2021-04-02T21:52:52.025662 #11828]  INFO -- : Closing Chrome Browser Instance
I, [2021-04-02T21:52:52.143216 #11828]  INFO -- : -------------------Logger END--------------------------
I, [2021-04-02T21:54:04.625818 #10804]  INFO -- : -------------------Logger START--------------------------
I, [2021-04-02T21:54:04.626026 #10804]  INFO -- : Initializing Chrome Browser: 
I, [2021-04-02T21:54:06.197495 #10804]  INFO -- : Navigating to url
I, [2021-04-02T21:54:10.669713 #10804]  INFO -- : Closing Chrome Browser Instance
I, [2021-04-02T21:54:10.774933 #10804]  INFO -- : -------------------Logger END--------------------------
I, [2021-04-02T21:57:01.721295 #5952]  INFO -- : -------------------Logger START--------------------------
I, [2021-04-02T21:57:01.721517 #5952]  INFO -- : Initializing Chrome Browser: 
I, [2021-04-02T21:57:03.279760 #5952]  INFO -- : Navigating to url
I, [2021-04-02T21:57:37.050195 #5952]  INFO -- : Closing Chrome Browser Instance
I, [2021-04-02T21:57:37.170717 #5952]  INFO -- : -------------------Logger END--------------------------
I, [2021-04-02T21:59:01.397876 #12944]  INFO -- : -------------------Logger START--------------------------
I, [2021-04-02T21:59:01.398082 #12944]  INFO -- : Initializing Chrome Browser: 
I, [2021-04-02T21:59:02.946202 #12944]  INFO -- : Navigating to url
I, [2021-04-02T21:59:11.625547 #12944]  INFO -- : Closing Chrome Browser Instance
I, [2021-04-02T21:59:11.744656 #12944]  INFO -- : -------------------Logger END--------------------------
I, [2021-04-02T21:59:56.651431 #13088]  INFO -- : -------------------Logger START--------------------------
I, [2021-04-02T21:59:56.651609 #13088]  INFO -- : Initializing Chrome Browser: 
I, [2021-04-02T21:59:58.262641 #13088]  INFO -- : Navigating to url
I, [2021-04-02T22:00:07.126982 #13088]  INFO -- : Closing Chrome Browser Instance
I, [2021-04-02T22:00:07.245877 #13088]  INFO -- : -------------------Logger END--------------------------
I, [2021-04-02T22:33:53.735010 #15336]  INFO -- : -------------------Logger START--------------------------
I, [2021-04-02T22:33:53.735147 #15336]  INFO -- : Initializing Chrome Browser: 
I, [2021-04-02T22:33:55.611174 #15336]  INFO -- : Closing Chrome Browser Instance
I, [2021-04-02T22:33:55.700666 #15336]  INFO -- : -------------------Logger END--------------------------
I, [2021-04-02T22:35:31.819140 #2328]  INFO -- : -------------------Logger START--------------------------
I, [2021-04-02T22:35:31.819343 #2328]  INFO -- : Initializing Chrome Browser: 
I, [2021-04-02T22:35:33.399589 #2328]  INFO -- : Navigating to url
I, [2021-04-02T22:35:34.062703 #2328]  INFO -- : Closing Chrome Browser Instance
I, [2021-04-02T22:35:35.728180 #2328]  INFO -- : -------------------Logger END--------------------------
I, [2021-04-02T22:47:08.958672 #14940]  INFO -- : -------------------Logger START--------------------------
I, [2021-04-02T22:47:08.958884 #14940]  INFO -- : Initializing Chrome Browser: 
I, [2021-04-02T22:47:10.755479 #14940]  INFO -- : Navigating to url
I, [2021-04-02T22:47:22.331277 #14940]  INFO -- : Closing Chrome Browser Instance
I, [2021-04-02T22:47:22.782478 #14940]  INFO -- : -------------------Logger END--------------------------
I, [2021-04-02T22:48:45.476142 #4868]  INFO -- : -------------------Logger START--------------------------
I, [2021-04-02T22:48:45.476290 #4868]  INFO -- : Initializing Chrome Browser: 
I, [2021-04-02T22:48:47.076003 #4868]  INFO -- : Closing Chrome Browser Instance
I, [2021-04-02T22:48:47.184202 #4868]  INFO -- : -------------------Logger END--------------------------
I, [2021-04-02T22:49:34.647289 #17384]  INFO -- : -------------------Logger START--------------------------
I, [2021-04-02T22:49:34.647610 #17384]  INFO -- : Initializing Chrome Browser: 
I, [2021-04-02T22:49:36.208376 #17384]  INFO -- : Closing Chrome Browser Instance
I, [2021-04-02T22:49:36.316906 #17384]  INFO -- : -------------------Logger END--------------------------
I, [2021-04-02T22:53:08.313576 #17284]  INFO -- : -------------------Logger START--------------------------
I, [2021-04-02T22:53:08.313867 #17284]  INFO -- : Initializing Chrome Browser: 
I, [2021-04-02T22:53:13.336509 #17284]  INFO -- : Closing Chrome Browser Instance
I, [2021-04-02T22:53:13.453101 #17284]  INFO -- : -------------------Logger END--------------------------
I, [2021-04-02T22:56:00.453177 #13640]  INFO -- : -------------------Logger START--------------------------
I, [2021-04-02T22:56:00.453383 #13640]  INFO -- : Initializing Chrome Browser: 
I, [2021-04-02T22:56:04.393276 #13640]  INFO -- : Closing Chrome Browser Instance
I, [2021-04-02T22:56:04.501461 #13640]  INFO -- : -------------------Logger END--------------------------
I, [2021-04-02T22:56:17.613284 #15180]  INFO -- : -------------------Logger START--------------------------
I, [2021-04-02T22:56:17.613494 #15180]  INFO -- : Initializing Chrome Browser: 
I, [2021-04-02T22:56:27.366634 #15180]  INFO -- : Closing Chrome Browser Instance
I, [2021-04-02T22:56:27.467446 #15180]  INFO -- : -------------------Logger END--------------------------
I, [2021-04-02T22:57:15.924297 #16664]  INFO -- : -------------------Logger START--------------------------
I, [2021-04-02T22:57:15.924501 #16664]  INFO -- : Initializing Chrome Browser: 
I, [2021-04-02T22:57:25.625673 #16664]  INFO -- : Closing Chrome Browser Instance
I, [2021-04-02T22:57:25.743124 #16664]  INFO -- : -------------------Logger END--------------------------
I, [2021-04-02T22:57:35.438142 #17196]  INFO -- : -------------------Logger START--------------------------
I, [2021-04-02T22:57:35.438311 #17196]  INFO -- : Initializing Chrome Browser: 
I, [2021-04-02T22:57:39.369754 #17196]  INFO -- : Closing Chrome Browser Instance
I, [2021-04-02T22:57:39.474829 #17196]  INFO -- : -------------------Logger END--------------------------
I, [2021-04-02T22:59:24.986023 #17108]  INFO -- : -------------------Logger START--------------------------
I, [2021-04-02T22:59:24.986194 #17108]  INFO -- : Initializing Chrome Browser: 
I, [2021-04-02T22:59:28.595580 #17108]  INFO -- : Closing Chrome Browser Instance
I, [2021-04-02T22:59:28.712056 #17108]  INFO -- : -------------------Logger END--------------------------
I, [2021-04-02T23:00:49.568659 #16356]  INFO -- : -------------------Logger START--------------------------
I, [2021-04-02T23:00:49.568829 #16356]  INFO -- : Initializing Chrome Browser: 
I, [2021-04-02T23:00:59.383461 #16356]  INFO -- : Closing Chrome Browser Instance
I, [2021-04-02T23:00:59.502189 #16356]  INFO -- : -------------------Logger END--------------------------
I, [2021-04-02T23:01:09.200896 #16356]  INFO -- : -------------------Logger START--------------------------
I, [2021-04-02T23:01:09.201139 #16356]  INFO -- : Initializing Chrome Browser: 
I, [2021-04-02T23:01:18.902393 #16356]  INFO -- : Closing Chrome Browser Instance
I, [2021-04-02T23:01:19.018885 #16356]  INFO -- : -------------------Logger END--------------------------
I, [2021-04-02T23:00:59.511887 #16356]  INFO -- : -------------------Logger START--------------------------
I, [2021-04-02T23:00:59.512464 #16356]  INFO -- : Initializing Chrome Browser: 
I, [2021-04-02T23:01:09.098054 #16356]  INFO -- : Closing Chrome Browser Instance
I, [2021-04-02T23:01:09.199657 #16356]  INFO -- : -------------------Logger END--------------------------
I, [2021-04-02T23:04:07.140671 #15492]  INFO -- : -------------------Logger START--------------------------
I, [2021-04-02T23:04:07.140884 #15492]  INFO -- : Initializing Chrome Browser: 
I, [2021-04-02T23:04:11.311922 #15492]  INFO -- : Closing Chrome Browser Instance
I, [2021-04-02T23:04:11.420499 #15492]  INFO -- : -------------------Logger END--------------------------
I, [2021-04-02T23:09:24.132339 #14384]  INFO -- : -------------------Logger START--------------------------
I, [2021-04-02T23:09:24.132549 #14384]  INFO -- : Initializing Chrome Browser: 
I, [2021-04-02T23:09:29.233198 #14384]  INFO -- : Closing Chrome Browser Instance
I, [2021-04-02T23:09:29.330536 #14384]  INFO -- : -------------------Logger END--------------------------
I, [2021-04-02T23:10:18.531949 #7756]  INFO -- : -------------------Logger START--------------------------
I, [2021-04-02T23:10:18.532226 #7756]  INFO -- : Initializing Chrome Browser: 
I, [2021-04-02T23:10:22.421207 #7756]  INFO -- : Closing Chrome Browser Instance
I, [2021-04-02T23:10:22.524797 #7756]  INFO -- : -------------------Logger END--------------------------
I, [2021-04-02T23:10:49.411342 #1284]  INFO -- : -------------------Logger START--------------------------
I, [2021-04-02T23:10:49.411548 #1284]  INFO -- : Initializing Chrome Browser: 
I, [2021-04-02T23:10:53.839071 #1284]  INFO -- : Closing Chrome Browser Instance
I, [2021-04-02T23:10:53.954628 #1284]  INFO -- : -------------------Logger END--------------------------
I, [2021-04-02T23:11:58.515128 #15288]  INFO -- : -------------------Logger START--------------------------
I, [2021-04-02T23:11:58.515329 #15288]  INFO -- : Initializing Chrome Browser: 
I, [2021-04-02T23:12:03.782896 #15288]  INFO -- : Closing Chrome Browser Instance
I, [2021-04-02T23:12:03.910132 #15288]  INFO -- : -------------------Logger END--------------------------
I, [2021-04-02T23:12:44.161495 #6336]  INFO -- : -------------------Logger START--------------------------
I, [2021-04-02T23:12:44.161773 #6336]  INFO -- : Initializing Chrome Browser: 
I, [2021-04-02T23:12:49.107183 #6336]  INFO -- : Closing Chrome Browser Instance
I, [2021-04-02T23:12:49.209945 #6336]  INFO -- : -------------------Logger END--------------------------
I, [2021-04-02T23:13:01.774826 #5800]  INFO -- : -------------------Logger START--------------------------
I, [2021-04-02T23:13:01.774994 #5800]  INFO -- : Initializing Chrome Browser: 
I, [2021-04-02T23:13:07.544380 #5800]  INFO -- : Closing Chrome Browser Instance
I, [2021-04-02T23:13:07.645282 #5800]  INFO -- : -------------------Logger END--------------------------
I, [2021-04-02T23:13:31.517021 #16408]  INFO -- : -------------------Logger START--------------------------
I, [2021-04-02T23:13:31.517190 #16408]  INFO -- : Initializing Chrome Browser: 
I, [2021-04-02T23:13:41.460678 #16408]  INFO -- : Closing Chrome Browser Instance
I, [2021-04-02T23:13:41.581452 #16408]  INFO -- : -------------------Logger END--------------------------
I, [2021-04-02T23:16:58.130232 #13572]  INFO -- : -------------------Logger START--------------------------
I, [2021-04-02T23:16:58.130551 #13572]  INFO -- : Initializing Chrome Browser: 
I, [2021-04-02T23:16:59.689715 #13572]  INFO -- : Closing Chrome Browser Instance
I, [2021-04-02T23:16:59.792235 #13572]  INFO -- : -------------------Logger END--------------------------
I, [2021-04-02T23:17:10.981464 #14688]  INFO -- : -------------------Logger START--------------------------
I, [2021-04-02T23:17:10.981673 #14688]  INFO -- : Initializing Chrome Browser: 
I, [2021-04-02T23:17:20.821729 #14688]  INFO -- : Closing Chrome Browser Instance
I, [2021-04-02T23:17:20.940167 #14688]  INFO -- : -------------------Logger END--------------------------
I, [2021-04-02T23:19:47.701010 #6504]  INFO -- : -------------------Logger START--------------------------
I, [2021-04-02T23:19:47.701259 #6504]  INFO -- : Initializing Chrome Browser: 
I, [2021-04-02T23:19:57.371406 #6504]  INFO -- : Closing Chrome Browser Instance
I, [2021-04-02T23:19:57.488983 #6504]  INFO -- : -------------------Logger END--------------------------
I, [2021-04-02T23:19:37.064438 #6504]  INFO -- : -------------------Logger START--------------------------
I, [2021-04-02T23:19:37.064642 #6504]  INFO -- : Initializing Chrome Browser: 
I, [2021-04-02T23:19:46.588247 #6504]  INFO -- : Closing Chrome Browser Instance
I, [2021-04-02T23:19:47.699807 #6504]  INFO -- : -------------------Logger END--------------------------
I, [2021-04-02T23:19:26.391267 #6504]  INFO -- : -------------------Logger START--------------------------
I, [2021-04-02T23:19:26.391445 #6504]  INFO -- : Initializing Chrome Browser: 
I, [2021-04-02T23:19:32.596611 #6504]  INFO -- : Closing Chrome Browser Instance
I, [2021-04-02T23:19:32.712286 #6504]  INFO -- : -------------------Logger END--------------------------
I, [2021-04-02T23:19:32.714049 #6504]  INFO -- : -------------------Logger START--------------------------
I, [2021-04-02T23:19:32.714279 #6504]  INFO -- : Initializing Chrome Browser: 
I, [2021-04-02T23:19:36.946396 #6504]  INFO -- : Closing Chrome Browser Instance
I, [2021-04-02T23:19:37.062829 #6504]  INFO -- : -------------------Logger END--------------------------
I, [2021-04-02T23:19:20.562134 #6504]  INFO -- : -------------------Logger START--------------------------
I, [2021-04-02T23:19:20.562303 #6504]  INFO -- : Initializing Chrome Browser: 
I, [2021-04-02T23:19:25.944454 #6504]  INFO -- : Closing Chrome Browser Instance
I, [2021-04-02T23:19:26.389911 #6504]  INFO -- : -------------------Logger END--------------------------
I, [2021-04-02T23:19:57.490519 #6504]  INFO -- : -------------------Logger START--------------------------
I, [2021-04-02T23:19:57.490666 #6504]  INFO -- : Initializing Chrome Browser: 
I, [2021-04-02T23:20:07.205192 #6504]  INFO -- : Closing Chrome Browser Instance
I, [2021-04-02T23:20:07.306750 #6504]  INFO -- : -------------------Logger END--------------------------
I, [2021-04-02T23:28:57.843477 #5232]  INFO -- : -------------------Logger START--------------------------
I, [2021-04-02T23:28:57.843760 #5232]  INFO -- : Initializing Chrome Browser: 
I, [2021-04-02T23:29:07.318243 #5232]  INFO -- : Closing Chrome Browser Instance
I, [2021-04-02T23:29:07.439715 #5232]  INFO -- : -------------------Logger END--------------------------
