I, [2020-06-10T22:24:56.923638 #11124]  INFO -- : Initializing Chrome Browser:
I, [2020-06-10T22:24:58.493838 #11124]  INFO -- : Navigating to url
I, [2020-06-10T22:25:00.477120 #11124]  INFO -- : Clicked on Adopt Me button
I, [2020-06-10T22:25:01.022219 #11124]  INFO -- : Closing Chrome Browser Instance
I, [2020-06-10T22:27:30.459823 #6308]  INFO -- : -------------------Logger END--------------------------
I, [2020-06-10T22:27:30.460038 #6308]  INFO -- : Initializing Chrome Browser: 
I, [2020-06-10T22:27:32.027374 #6308]  INFO -- : Navigating to url
I, [2020-06-10T22:27:33.338495 #6308]  INFO -- : Clicked on Adopt Me button
I, [2020-06-10T22:27:33.852205 #6308]  INFO -- : Closing Chrome Browser Instance
I, [2020-06-10T22:27:34.816342 #6308]  INFO -- : -------------------Logger END--------------------------
I, [2020-06-10T22:33:26.420116 #4064]  INFO -- : -------------------Logger END--------------------------
I, [2020-06-10T22:33:26.420332 #4064]  INFO -- : Initializing Chrome Browser: 
I, [2020-06-10T22:33:27.749044 #4064]  INFO -- : Navigating to url
I, [2020-06-10T22:33:28.988880 #4064]  INFO -- : Clicked on Adopt Me button
I, [2020-06-10T22:33:29.928465 #4064]  INFO -- : Clicked on Adopt Me button
I, [2020-06-10T22:33:31.401357 #4064]  INFO -- : Closing Chrome Browser Instance
I, [2020-06-10T22:33:31.529240 #4064]  INFO -- : -------------------Logger END--------------------------
I, [2020-06-10T22:33:31.534378 #4064]  INFO -- : -------------------Logger END--------------------------
I, [2020-06-10T22:33:31.534655 #4064]  INFO -- : Initializing Chrome Browser: 
I, [2020-06-10T22:33:32.996441 #4064]  INFO -- : Navigating to url
I, [2020-06-10T22:33:34.179258 #4064]  INFO -- : Clicked on Adopt Me button
I, [2020-06-10T22:33:34.639277 #4064]  INFO -- : Closing Chrome Browser Instance
I, [2020-06-10T22:33:34.784683 #4064]  INFO -- : -------------------Logger END--------------------------
I, [2020-06-10T22:33:22.100027 #4064]  INFO -- : -------------------Logger END--------------------------
I, [2020-06-10T22:33:22.100500 #4064]  INFO -- : Initializing Chrome Browser: 
I, [2020-06-10T22:33:23.710007 #4064]  INFO -- : Navigating to url
I, [2020-06-10T22:33:24.945421 #4064]  INFO -- : Clicked on Adopt Me button
I, [2020-06-10T22:33:26.309817 #4064]  INFO -- : Closing Chrome Browser Instance
I, [2020-06-10T22:33:26.414011 #4064]  INFO -- : -------------------Logger END--------------------------
